<?xml version="1.0" encoding="UTF-8"?>
<!-- Generated by org.testng.reporters.JUnitReportReporter -->
<testsuite hostname="ACW-Lap-031" failures="0" tests="1" name="GoogleTest" time="8.198" errors="0" timestamp="2024-11-12T12:35:23 IST" skipped="0">
  <testcase classname="GoogleTest" name="HomePageCheck" time="8.198"/>
</testsuite> <!-- GoogleTest -->
