<?xml version="1.0" encoding="UTF-8"?>
<!-- Generated by org.testng.reporters.JUnitReportReporter -->
<testsuite hostname="ACW-Lap-031" failures="0" tests="4" name="testng.com.Day4" time="0.015" errors="0" timestamp="2025-02-25T00:02:20 IST" skipped="0">
  <testcase classname="testng.com.Day4" name="addHotel" time="0.004"/>
  <testcase classname="testng.com.Day4" name="editHotel" time="0.002"/>
  <testcase classname="testng.com.Day4" name="viewHotel" time="0.006"/>
  <testcase classname="testng.com.Day4" name="deletehotel" time="0.003"/>
</testsuite> <!-- testng.com.Day4 -->
