<?xml version="1.0" encoding="UTF-8"?>
<!-- Generated by org.testng.reporters.JUnitReportReporter -->
<testsuite hostname="ACW-Lap-031" failures="0" tests="2" name="testng.com.ParallelBrowser" time="19.528" errors="0" timestamp="2024-02-23T00:03:03 IST" skipped="0">
  <testcase classname="testng.com.ParallelBrowser" name="testExample" time="10.275"/>
  <testcase classname="testng.com.ParallelBrowser" name="testExample" time="9.253"/>
</testsuite> <!-- testng.com.ParallelBrowser -->
