<?xml version="1.0" encoding="UTF-8"?>
<!-- Generated by org.testng.reporters.JUnitReportReporter -->
<testsuite hostname="ACW-Lap-031" failures="0" tests="4" name="testng.com.Day4" time="0.009" errors="0" timestamp="2024-03-26T01:05:15 IST" skipped="0">
  <testcase classname="testng.com.Day4" name="viewHotel" time="0.002"/>
  <testcase classname="testng.com.Day4" name="addHotel" time="0.003"/>
  <testcase classname="testng.com.Day4" name="editHotel" time="0.002"/>
  <testcase classname="testng.com.Day4" name="deletehotel" time="0.002"/>
</testsuite> <!-- testng.com.Day4 -->
