<?xml version="1.0" encoding="UTF-8"?>
<!-- Generated by org.testng.reporters.JUnitReportReporter -->
<testsuite hostname="ACW-Lap-031" failures="0" tests="4" name="testng.com.Day_2" time="0.036" errors="0" timestamp="2025-01-20T15:23:04 IST" skipped="1">
  <testcase classname="testng.com.Day_2" name="weblogin" time="0.001"/>
  <testcase classname="testng.com.Day_2" name="mobilelogin2" time="0.007"/>
  <testcase classname="testng.com.Day_2" name="mobilelogin" time="0.028"/>
  <testcase classname="testng.com.Day_2" name="enabledmethod">
    <skipped/>
  </testcase> <!-- enabledmethod -->
</testsuite> <!-- testng.com.Day_2 -->
