<?xml version="1.0" encoding="UTF-8"?>
<!-- Generated by org.testng.reporters.JUnitReportReporter -->
<testsuite hostname="ACW-Lap-031" failures="0" tests="1" name="annotations.Annotation2" time="0.015" errors="0" timestamp="2025-01-20T15:13:09 IST" skipped="0">
  <testcase classname="annotations.Annotation2" name="firsttest2" time="0.015"/>
</testsuite> <!-- annotations.Annotation2 -->
