<?xml version="1.0" encoding="UTF-8"?>
<!-- Generated by org.testng.reporters.JUnitReportReporter -->
<testsuite hostname="ACW-Lap-031" failures="0" tests="3" name="annotations.Annotations1" time="0.038" errors="0" timestamp="2025-01-20T10:15:10 IST" skipped="0">
  <testcase classname="annotations.Annotations1" name="thirdtest" time="0.010"/>
  <testcase classname="annotations.Annotations1" name="secondtest" time="0.013"/>
  <testcase classname="annotations.Annotations1" name="firsttest" time="0.015"/>
</testsuite> <!-- annotations.Annotations1 -->
