<?xml version="1.0" encoding="UTF-8"?>
<!-- Generated by org.testng.reporters.JUnitReportReporter -->
<testsuite hostname="ACW-Lap-031" failures="0" tests="1" name="ExcelDataprovider.ExDD" time="1.236" errors="0" timestamp="2025-03-04T23:55:06 IST" skipped="0">
  <testcase classname="ExcelDataprovider.ExDD" name="getdata" time="1.236"/>
</testsuite> <!-- ExcelDataprovider.ExDD -->
