<?xml version="1.0" encoding="UTF-8"?>
<!-- Generated by org.testng.reporters.JUnitReportReporter -->
<testsuite hostname="ACW-Lap-031" failures="0" tests="3" name="ExcelDataprovider.ExcelDataProvider" time="0.019" errors="0" timestamp="2025-03-04T23:52:21 IST" skipped="0">
  <testcase classname="ExcelDataprovider.ExcelDataProvider" name="testdata" time="0.013"/>
  <testcase classname="ExcelDataprovider.ExcelDataProvider" name="testdata" time="0.002"/>
  <testcase classname="ExcelDataprovider.ExcelDataProvider" name="testdata" time="0.004"/>
</testsuite> <!-- ExcelDataprovider.ExcelDataProvider -->
