<?xml version="1.0" encoding="UTF-8"?>
<!-- Generated by org.testng.reporters.JUnitReportReporter -->
<testsuite hostname="ACW-Lap-031" failures="0" tests="1" name="practice.com.ExDD" time="1.242" errors="0" timestamp="2025-02-27T17:01:55 IST" skipped="0">
  <testcase classname="practice.com.ExDD" name="getdata" time="1.242"/>
</testsuite> <!-- practice.com.ExDD -->
