<?xml version="1.0" encoding="UTF-8"?>
<!-- Generated by org.testng.reporters.JUnitReportReporter -->
<testsuite hostname="ACW-Lap-031" failures="0" tests="3" name="ExcelDataprovider.ExcelDataprovidewith_Integer" time="0.054" errors="0" timestamp="2025-02-27T17:52:55 IST" skipped="0">
  <testcase classname="ExcelDataprovider.ExcelDataprovidewith_Integer" name="testdata" time="0.045"/>
  <testcase classname="ExcelDataprovider.ExcelDataprovidewith_Integer" name="testdata" time="0.007"/>
  <testcase classname="ExcelDataprovider.ExcelDataprovidewith_Integer" name="testdata" time="0.002"/>
</testsuite> <!-- ExcelDataprovider.ExcelDataprovidewith_Integer -->
