<?xml version="1.0" encoding="UTF-8"?>
<!-- Generated by org.testng.reporters.JUnitReportReporter -->
<testsuite hostname="ACW-Lap-031" failures="0" tests="3" name="practice.com.ExcelDataProvider" time="0.033" errors="0" timestamp="2025-02-27T17:35:21 IST" skipped="0">
  <testcase classname="practice.com.ExcelDataProvider" name="testdata" time="0.017"/>
  <testcase classname="practice.com.ExcelDataProvider" name="testdata" time="0.008"/>
  <testcase classname="practice.com.ExcelDataProvider" name="testdata" time="0.008"/>
</testsuite> <!-- practice.com.ExcelDataProvider -->
