<?xml version="1.0" encoding="UTF-8"?>
<!-- Generated by org.testng.reporters.JUnitReportReporter -->
<testsuite hostname="ACW-Lap-031" failures="0" tests="1" name="practice.com.Exceldriven_test" time="1.508" errors="0" timestamp="2025-03-04T23:05:08 IST" skipped="0">
  <testcase classname="practice.com.Exceldriven_test" name="getdata" time="1.508"/>
</testsuite> <!-- practice.com.Exceldriven_test -->
