<?xml version="1.0" encoding="UTF-8"?>
<!-- Generated by org.testng.reporters.JUnitReportReporter -->
<testsuite hostname="ACW-Lap-031" failures="0" tests="3" name="practice.com.ExcelDataProvider" time="0.029" errors="0" timestamp="2025-02-21T00:33:18 IST" skipped="0">
  <testcase classname="practice.com.ExcelDataProvider" name="testdata" time="0.005"/>
  <testcase classname="practice.com.ExcelDataProvider" name="testdata" time="0.015"/>
  <testcase classname="practice.com.ExcelDataProvider" name="testdata" time="0.009"/>
</testsuite> <!-- practice.com.ExcelDataProvider -->
