<?xml version="1.0" encoding="UTF-8"?>
<!-- Generated by org.testng.reporters.JUnitReportReporter -->
<testsuite hostname="ACW-Lap-031" failures="0" tests="3" name="practice.com.ExcelDDWITH_INT" time="0.022" errors="0" timestamp="2025-02-27T17:20:51 IST" skipped="0">
  <testcase classname="practice.com.ExcelDDWITH_INT" name="testdata" time="0.016"/>
  <testcase classname="practice.com.ExcelDDWITH_INT" name="testdata" time="0.003"/>
  <testcase classname="practice.com.ExcelDDWITH_INT" name="testdata" time="0.003"/>
</testsuite> <!-- practice.com.ExcelDDWITH_INT -->
