<?xml version="1.0" encoding="UTF-8"?>
<!-- Generated by org.testng.reporters.JUnitReportReporter -->
<testsuite hostname="ACW-Lap-031" failures="0" tests="3" name="framework.Testcase.PurchaseOrder" time="47.389" errors="0" timestamp="2024-09-02T11:31:19 IST" skipped="0">
  <testcase classname="framework.Testcase.PurchaseOrder" name="orderHistoryTest" time="7.910"/>
  <testcase classname="framework.Testcase.PurchaseOrder" name="purchaseOrder" time="20.931"/>
  <testcase classname="framework.Testcase.PurchaseOrder" name="purchaseOrder" time="18.548"/>
</testsuite> <!-- framework.Testcase.PurchaseOrder -->
