<?xml version="1.0" encoding="UTF-8"?>
<!-- Generated by org.testng.reporters.JUnitReportReporter -->
<testsuite hostname="ACW-Lap-031" failures="0" tests="3" name="framework.Testcase.PurchaseOrder" time="39.707" errors="0" timestamp="2024-06-27T01:18:00 IST" skipped="0">
  <testcase classname="framework.Testcase.PurchaseOrder" name="purchaseOrder" time="9.992"/>
  <testcase classname="framework.Testcase.PurchaseOrder" name="purchaseOrder" time="21.610"/>
  <testcase classname="framework.Testcase.PurchaseOrder" name="orderHistoryTest" time="8.105"/>
</testsuite> <!-- framework.Testcase.PurchaseOrder -->
