<?xml version="1.0" encoding="UTF-8"?>
<!-- Generated by org.testng.reporters.JUnitReportReporter -->
<testsuite hostname="ACW-Lap-031" failures="0" tests="3" name="framework.Testcase.PurchaseOrder" time="48.251" errors="0" timestamp="2024-06-24T01:39:26 IST" skipped="0">
  <testcase classname="framework.Testcase.PurchaseOrder" name="purchaseOrder" time="22.001"/>
  <testcase classname="framework.Testcase.PurchaseOrder" name="purchaseOrder" time="21.722"/>
  <testcase classname="framework.Testcase.PurchaseOrder" name="orderHistoryTest" time="4.528"/>
</testsuite> <!-- framework.Testcase.PurchaseOrder -->
