<?xml version="1.0" encoding="UTF-8"?>
<!-- Generated by org.testng.reporters.JUnitReportReporter -->
<testsuite hostname="ACW-Lap-031" failures="0" tests="3" name="framework.Testcase.PurchaseOrder" time="48.419" errors="0" timestamp="2024-06-22T00:38:30 IST" skipped="0">
  <testcase classname="framework.Testcase.PurchaseOrder" name="purchaseOrder" time="20.933"/>
  <testcase classname="framework.Testcase.PurchaseOrder" name="orderHistoryTest" time="7.950"/>
  <testcase classname="framework.Testcase.PurchaseOrder" name="purchaseOrder" time="19.536"/>
</testsuite> <!-- framework.Testcase.PurchaseOrder -->
