<?xml version="1.0" encoding="UTF-8"?>
<!-- Generated by org.testng.reporters.JUnitReportReporter -->
<testsuite hostname="ACW-Lap-031" failures="0" tests="3" name="SeleniumRealtime.testcases.Standalone_convertTest" time="31.567" errors="0" timestamp="2024-06-12T01:24:22 IST" skipped="0">
  <testcase classname="SeleniumRealtime.testcases.Standalone_convertTest" name="convertedcode" time="12.346"/>
  <testcase classname="SeleniumRealtime.testcases.Standalone_convertTest" name="convertedcode" time="10.197"/>
  <testcase classname="SeleniumRealtime.testcases.Standalone_convertTest" name="orderHistoryTest" time="9.024"/>
</testsuite> <!-- SeleniumRealtime.testcases.Standalone_convertTest -->
