<?xml version="1.0" encoding="UTF-8"?>
<!-- Generated by org.testng.reporters.JUnitReportReporter -->
<testsuite hostname="ACW-Lap-031" failures="0" tests="2" name="SeleniumRealtime.testcases.Standalone_convertTest" time="27.918" errors="0" timestamp="2024-06-10T19:14:02 IST" skipped="0">
  <testcase classname="SeleniumRealtime.testcases.Standalone_convertTest" name="orderHistoryTest" time="6.371"/>
  <testcase classname="SeleniumRealtime.testcases.Standalone_convertTest" name="convertedcode" time="21.547"/>
</testsuite> <!-- SeleniumRealtime.testcases.Standalone_convertTest -->
