<?xml version="1.0" encoding="UTF-8"?>
<!-- Generated by org.testng.reporters.JUnitReportReporter -->
<testsuite hostname="ACW-Lap-031" failures="0" tests="1" name="SeleniumRealtime.testcases.Error_Validation_Test" time="8.550" errors="0" timestamp="2024-06-12T00:22:43 IST" skipped="0">
  <testcase classname="SeleniumRealtime.testcases.Error_Validation_Test" name="logininvalid_Credencial" time="8.550"/>
</testsuite> <!-- SeleniumRealtime.testcases.Error_Validation_Test -->
