<?xml version="1.0" encoding="UTF-8"?>
<!-- Generated by org.testng.reporters.JUnitReportReporter -->
<testsuite hostname="ACW-Lap-031" failures="0" tests="1" name="SeleniumRealtime.testcases.CreateAccountTest" time="27.724" errors="0" timestamp="2024-08-12T11:02:20 IST" skipped="0">
  <testcase classname="SeleniumRealtime.testcases.CreateAccountTest" name="createaccount" time="27.724"/>
</testsuite> <!-- SeleniumRealtime.testcases.CreateAccountTest -->
