<?xml version="1.0" encoding="UTF-8"?>
<!-- Generated by org.testng.reporters.JUnitReportReporter -->
<testsuite hostname="ACW-Lap-031" failures="0" tests="1" name="SeleniumRealtime.testcases.Standalone_convertTest" time="22.597" errors="0" timestamp="2024-06-08T02:10:02 IST" skipped="0">
  <testcase classname="SeleniumRealtime.testcases.Standalone_convertTest" name="convertedcode" time="22.597"/>
</testsuite> <!-- SeleniumRealtime.testcases.Standalone_convertTest -->
