<?xml version="1.0" encoding="UTF-8"?>
<!-- Generated by org.testng.reporters.JUnitReportReporter -->
<testsuite hostname="ACW-Lap-031" failures="0" tests="2" name="SeleniumRealtime.testcases.Error_Validation_Test" time="27.677" errors="0" timestamp="2024-06-15T02:39:53 IST" skipped="0">
  <testcase classname="SeleniumRealtime.testcases.Error_Validation_Test" name="logininvalid_Credencial" time="6.009"/>
  <testcase classname="SeleniumRealtime.testcases.Error_Validation_Test" name="productErrorValidation" time="21.668"/>
</testsuite> <!-- SeleniumRealtime.testcases.Error_Validation_Test -->
