<?xml version="1.0" encoding="UTF-8"?>
<!-- Generated by org.testng.reporters.JUnitReportReporter -->
<testsuite hostname="ACW-Lap-031" failures="0" tests="1" name="SeleniumRealtime.testcases.CreateAccountTest" time="15.126" errors="0" timestamp="2024-06-05T23:29:08 IST" skipped="0">
  <testcase classname="SeleniumRealtime.testcases.CreateAccountTest" name="createaccount" time="15.126"/>
</testsuite> <!-- SeleniumRealtime.testcases.CreateAccountTest -->
