<?xml version="1.0" encoding="UTF-8"?>
<!-- Generated by org.testng.reporters.JUnitReportReporter -->
<testsuite hostname="ACW-Lap-031" failures="0" tests="3" name="SeleniumRealtime.testcases.Standalone_convertTest" time="34.503" errors="0" timestamp="2024-06-15T02:44:05 IST" skipped="0">
  <testcase classname="SeleniumRealtime.testcases.Standalone_convertTest" name="orderHistoryTest" time="6.234"/>
  <testcase classname="SeleniumRealtime.testcases.Standalone_convertTest" name="purchaseOrder" time="9.209"/>
  <testcase classname="SeleniumRealtime.testcases.Standalone_convertTest" name="purchaseOrder" time="19.060"/>
</testsuite> <!-- SeleniumRealtime.testcases.Standalone_convertTest -->
