<?xml version="1.0" encoding="UTF-8"?>
<!-- Generated by org.testng.reporters.JUnitReportReporter -->
<testsuite hostname="ACW-Lap-031" failures="0" tests="1" name="SeleniumRealtime.testcases.Standalone_convert" time="21.669" errors="0" timestamp="2024-06-03T10:24:50 IST" skipped="0">
  <testcase classname="SeleniumRealtime.testcases.Standalone_convert" name="convertedcode" time="21.669"/>
</testsuite> <!-- SeleniumRealtime.testcases.Standalone_convert -->
