<?xml version="1.0" encoding="UTF-8"?>
<!-- Generated by org.testng.reporters.JUnitReportReporter -->
<testsuite hostname="ACW-Lap-031" failures="0" tests="2" name="SeleniumRealtime.testcases.Standalone_convertTest" time="44.202" errors="0" timestamp="2025-02-19T16:10:11 IST" skipped="0">
  <testcase classname="SeleniumRealtime.testcases.Standalone_convertTest" name="purchaseOrder" time="25.735"/>
  <testcase classname="SeleniumRealtime.testcases.Standalone_convertTest" name="purchaseOrder" time="18.467"/>
</testsuite> <!-- SeleniumRealtime.testcases.Standalone_convertTest -->
