<?xml version="1.0" encoding="UTF-8"?>
<!-- Generated by org.testng.reporters.JUnitReportReporter -->
<testsuite hostname="ACW-Lap-031" failures="0" tests="1" name="SeleniumRealtime.testcases.Standalone_convertTest" time="19.600" errors="0" timestamp="2024-06-06T01:08:34 IST" skipped="0">
  <testcase classname="SeleniumRealtime.testcases.Standalone_convertTest" name="convertedcode" time="19.600"/>
</testsuite> <!-- SeleniumRealtime.testcases.Standalone_convertTest -->
