<?xml version="1.0" encoding="UTF-8"?>
<!-- Generated by org.testng.reporters.JUnitReportReporter -->
<testsuite hostname="ACW-Lap-031" failures="0" tests="3" name="SeleniumRealtime.testcases.Standalone_convertTest" time="35.730" errors="0" timestamp="2024-06-14T01:25:34 IST" skipped="0">
  <testcase classname="SeleniumRealtime.testcases.Standalone_convertTest" name="orderHistoryTest" time="6.876"/>
  <testcase classname="SeleniumRealtime.testcases.Standalone_convertTest" name="convertedcode" time="8.590"/>
  <testcase classname="SeleniumRealtime.testcases.Standalone_convertTest" name="convertedcode" time="20.264"/>
</testsuite> <!-- SeleniumRealtime.testcases.Standalone_convertTest -->
