<?xml version="1.0" encoding="UTF-8"?>
<!-- Generated by org.testng.reporters.JUnitReportReporter -->
<testsuite hostname="ACW-Lap-031" failures="0" tests="3" name="SeleniumRealtime.testcases.Standalone_convertTest" time="48.434" errors="0" timestamp="2024-07-06T19:01:15 IST" skipped="0">
  <testcase classname="SeleniumRealtime.testcases.Standalone_convertTest" name="purchaseOrder" time="23.792"/>
  <testcase classname="SeleniumRealtime.testcases.Standalone_convertTest" name="orderHistoryTest" time="4.586"/>
  <testcase classname="SeleniumRealtime.testcases.Standalone_convertTest" name="purchaseOrder" time="20.056"/>
</testsuite> <!-- SeleniumRealtime.testcases.Standalone_convertTest -->
