<?xml version="1.0" encoding="UTF-8"?>
<!-- Generated by org.testng.reporters.JUnitReportReporter -->
<testsuite hostname="ACW-Lap-031" failures="0" tests="2" name="Final.Tickets" time="0.023" errors="0" timestamp="2024-06-15T01:47:14 IST" skipped="0">
  <testcase classname="Final.Tickets" name="createticket" time="0.012"/>
  <testcase classname="Final.Tickets" name="editticket" time="0.011"/>
</testsuite> <!-- Final.Tickets -->
