<?xml version="1.0" encoding="UTF-8"?>
<!-- Generated by org.testng.reporters.JUnitReportReporter -->
<testsuite hostname="ACW-Lap-031" failures="0" tests="3" name="Final.Parameterization" time="0.019" errors="0" timestamp="2024-06-15T01:48:59 IST" skipped="0">
  <testcase classname="Final.Parameterization" name="multipletc" time="0.004"/>
  <testcase classname="Final.Parameterization" name="multipletc" time="0.010"/>
  <testcase classname="Final.Parameterization" name="multipletc" time="0.005"/>
</testsuite> <!-- Final.Parameterization -->
