<?xml version="1.0" encoding="UTF-8"?>
<!-- Generated by org.testng.reporters.JUnitReportReporter -->
<testsuite hostname="ACW-Lap-031" failures="0" tests="1" name="Final.Users" time="0.007" errors="0" timestamp="2024-02-21T23:47:14 IST" skipped="0">
  <testcase classname="Final.Users" name="editUsers" time="0.007"/>
</testsuite> <!-- Final.Users -->
