<?xml version="1.0" encoding="UTF-8"?>
<!-- Generated by org.testng.reporters.JUnitReportReporter -->
<testsuite hostname="ACW-Lap-031" failures="0" tests="1" name="Final.Tickets" time="0.003" errors="0" timestamp="2025-02-25T00:05:39 IST" skipped="0">
  <testcase classname="Final.Tickets" name="editticket" time="0.003"/>
</testsuite> <!-- Final.Tickets -->
