<?xml version="1.0" encoding="UTF-8"?>
<!-- Generated by org.testng.reporters.JUnitReportReporter -->
<testsuite hostname="ACW-Lap-031" failures="0" tests="3" name="Final.Parameterization" time="0.029" errors="0" timestamp="2024-09-27T12:48:19 IST" skipped="0">
  <testcase classname="Final.Parameterization" name="multipletc" time="0.007"/>
  <testcase classname="Final.Parameterization" name="multipletc" time="0.007"/>
  <testcase classname="Final.Parameterization" name="multipletc" time="0.015"/>
</testsuite> <!-- Final.Parameterization -->
