<?xml version="1.0" encoding="UTF-8"?>
<!-- Generated by org.testng.reporters.JUnitReportReporter -->
<testsuite hostname="ACW-Lap-031" failures="0" tests="2" name="Final.Review" time="0.020" errors="0" timestamp="2024-06-15T01:47:14 IST" skipped="0">
  <testcase classname="Final.Review" name="sendreview" time="0.012"/>
  <testcase classname="Final.Review" name="deleteReview" time="0.008"/>
</testsuite> <!-- Final.Review -->
