<?xml version="1.0" encoding="UTF-8"?>
<!-- Generated by org.testng.reporters.JUnitReportReporter -->
<testsuite hostname="ACW-Lap-031" failures="0" tests="3" name="Final.Hotels" time="0.030" errors="0" timestamp="2025-02-25T00:05:50 IST" skipped="0">
  <testcase classname="Final.Hotels" name="addHotels" time="0.015"/>
  <testcase classname="Final.Hotels" name="viewHotels" time="0.006"/>
  <testcase classname="Final.Hotels" name="editHotels" time="0.009"/>
</testsuite> <!-- Final.Hotels -->
