<?xml version="1.0" encoding="UTF-8"?>
<!-- Generated by org.testng.reporters.JUnitReportReporter -->
<testsuite hostname="ACW-Lap-031" failures="0" tests="3" name="Final.Users" time="0.057" errors="0" timestamp="2024-06-15T01:47:14 IST" skipped="0">
  <testcase classname="Final.Users" name="viewUsers" time="0.009"/>
  <testcase classname="Final.Users" name="editUsers" time="0.040"/>
  <testcase classname="Final.Users" name="addUsers" time="0.008"/>
</testsuite> <!-- Final.Users -->
