<?xml version="1.0" encoding="UTF-8"?>
<!-- Generated by org.testng.reporters.JUnitReportReporter -->
<testsuite hostname="ACW-Lap-031" failures="0" tests="3" name="Final.Hotels" time="0.016" errors="0" timestamp="2024-06-15T01:47:15 IST" skipped="0">
  <testcase classname="Final.Hotels" name="addHotels" time="0.009"/>
  <testcase classname="Final.Hotels" name="viewHotels" time="0.003"/>
  <testcase classname="Final.Hotels" name="editHotels" time="0.004"/>
</testsuite> <!-- Final.Hotels -->
