<?xml version="1.0" encoding="UTF-8"?>
<!-- Generated by org.testng.reporters.JUnitReportReporter -->
<testsuite hostname="ACW-Lap-031" failures="0" tests="1" name="SeleniumRealtime.testcases.Error_Validation" time="10.737" errors="0" timestamp="2024-06-04T01:31:27 IST" skipped="0">
  <testcase classname="SeleniumRealtime.testcases.Error_Validation" name="invalid_Credencial" time="10.737"/>
</testsuite> <!-- SeleniumRealtime.testcases.Error_Validation -->
