<?xml version="1.0" encoding="UTF-8"?>
<!-- Generated by org.testng.reporters.JUnitReportReporter -->
<testsuite hostname="ACW-Lap-031" failures="0" tests="1" name="Cucumber.TestNGTestRunner" time="26.613" errors="0" timestamp="2024-10-10T21:44:31 IST" skipped="0">
  <testcase classname="Cucumber.TestNGTestRunner" name="runScenario" time="26.613"/>
</testsuite> <!-- Cucumber.TestNGTestRunner -->
