<?xml version="1.0" encoding="UTF-8"?>
<!-- Generated by org.testng.reporters.JUnitReportReporter -->
<testsuite hostname="ACW-Lap-031" failures="0" tests="1" name="reports.ExtentReports.Extent_Reports" time="9.062" errors="0" timestamp="2024-06-19T01:36:43 IST" skipped="0">
  <testcase classname="reports.ExtentReports.Extent_Reports" name="reportsDemo" time="9.062"/>
</testsuite> <!-- reports.ExtentReports.Extent_Reports -->
