<?xml version="1.0" encoding="UTF-8"?>
<!-- Generated by org.testng.reporters.JUnitReportReporter -->
<testsuite hostname="ACW-Lap-031" failures="0" tests="1" name="reports.ExtentReports.Extent_Reports" time="11.646" errors="0" timestamp="2024-08-26T12:38:58 IST" skipped="0">
  <testcase classname="reports.ExtentReports.Extent_Reports" name="reportsDemo" time="11.646"/>
</testsuite> <!-- reports.ExtentReports.Extent_Reports -->
